2026-04-27 14:50:36,962 - __main__ - INFO - 
======================================================================
2026-04-27 14:50:36,962 - __main__ - INFO - 🚀 宇宙智能體核心引擎 v3.0 - 完整啟動
2026-04-27 14:50:36,963 - __main__ - INFO - 🚀 Cosmic Intelligence Cluster v3.0 - Full Startup
2026-04-27 14:50:36,963 - __main__ - INFO - ======================================================================
2026-04-27 14:50:36,963 - __main__ - INFO - 
📋 步驟 1：載入配置
2026-04-27 14:50:36,972 - __main__ - INFO - ✅ 配置加載成功：config/cosmic_config.yaml
2026-04-27 14:50:36,972 - __main__ - INFO - 
📚 步驟 2：初始化知識庫
2026-04-27 14:50:36,974 - __main__ - INFO - ✅ 知識庫初始化成功，已載入 25 個理論
2026-04-27 14:50:36,974 - __main__ - INFO - 
⚡ 步驟 3：初始化 Ray 集群
2026-04-27 14:50:48,943 - __main__ - INFO - ✅ Ray 集群初始化成功（命名空間：cosmic）
2026-04-27 14:50:48,943 - __main__ - INFO - 
🤖 步驟 4：創建智能體
2026-04-27 14:50:48,968 - __main__ - INFO - ✅ 已創建 3 個智能體
2026-04-27 14:50:48,968 - __main__ - INFO - 
🧩 步驟 4.1：建立全局技能
2026-04-27 14:50:48,971 - __main__ - INFO - ✅ 全局技能註冊完成：15 個模塊
2026-04-27 14:50:48,971 - __main__ - INFO - 📦 技能清單：quantum_singularity, temporal_dominance, cosmic_intelligence, platform_heterogeneous, neuro_quantum_synergy, quantum_bio_fusion, cosmic_engineering, reality_programming, perfect_fortress, topological_bio, chaos_resonance, fractal_recursion, quantum_holography, bio_photonics, consciousness_field
2026-04-27 14:50:48,971 - __main__ - INFO - 
🔬 步驟 5：測試量子任務
2026-04-27 14:50:48,971 - __main__ - INFO - 
🔬 量子任務測試
2026-04-27 14:50:48,971 - __main__ - INFO - ──────────────────────────────────────────────────
2026-04-27 14:50:49,071 - __main__ - INFO - ✅ Grover 搜尋：Grover 搜尋完成，空間 100000
2026-04-27 14:50:49,275 - __main__ - INFO - ✅ Shor 分解：Shor 分解完成，數字 15
2026-04-27 14:50:49,425 - __main__ - INFO - ✅ 量子退火：量子退火完成，問題規模 50
2026-04-27 14:50:49,425 - __main__ - INFO - 
💰 步驟 6：測試交易引擎
2026-04-27 14:50:49,427 - __main__ - INFO - 
💰 交易引擎測試
2026-04-27 14:50:49,428 - __main__ - INFO - ──────────────────────────────────────────────────
2026-04-27 14:50:49,514 - __main__ - INFO - ✅ 訂單執行：風險拒絕
2026-04-27 14:50:49,514 - __main__ - INFO - 
📊 步驟 7：生成系統報告
2026-04-27 14:50:49,514 - __main__ - INFO - 
📊 系統狀態報告
2026-04-27 14:50:49,515 - __main__ - INFO - ======================================================================
2026-04-27 14:50:49,515 - __main__ - INFO - 系統名稱：CosmicIntelligenceCluster
2026-04-27 14:50:49,515 - __main__ - INFO - 系統版本：3.0.0
2026-04-27 14:50:49,515 - __main__ - INFO - 命名空間：cosmic
2026-04-27 14:50:49,516 - __main__ - INFO - 
📚 理論基因組：15 個理論
2026-04-27 14:50:49,516 - __main__ - INFO -    1. 量子奇點
2026-04-27 14:50:49,516 - __main__ - INFO -    2. 時間支配
2026-04-27 14:50:49,516 - __main__ - INFO -    3. 宇宙智能
2026-04-27 14:50:49,516 - __main__ - INFO -    4. 平台異構
2026-04-27 14:50:49,516 - __main__ - INFO -    5. 神經量子協同
2026-04-27 14:50:49,516 - __main__ - INFO -    ... 還有 10 個理論
2026-04-27 14:50:49,517 - __main__ - INFO - 
🧠 知識庫：25 個理論文檔
2026-04-27 14:50:49,517 - __main__ - INFO -    1. 時間支配
2026-04-27 14:50:49,517 - __main__ - INFO -    2. 意識場
2026-04-27 14:50:49,517 - __main__ - INFO -    3. 🔱 OMEGA ABSOLUTE LEARN PROTOCOL
2026-04-27 14:50:49,517 - __main__ - INFO -    4. 完美堡壘
2026-04-27 14:50:49,517 - __main__ - INFO -    5. task2
2026-04-27 14:50:49,517 - __main__ - INFO - 
💼 交易配置
2026-04-27 14:50:49,517 - __main__ - INFO -    初始資本：$1,000,000
2026-04-27 14:50:49,517 - __main__ - INFO -    最大頭寸：10.0%
2026-04-27 14:50:49,518 - __main__ - INFO -    止損：5.00%
2026-04-27 14:50:49,518 - __main__ - INFO -    獲利目標：15.00%
2026-04-27 14:50:49,518 - __main__ - INFO - 
📈 監控配置
2026-04-27 14:50:49,518 - __main__ - INFO -    Prometheus：啟用
2026-04-27 14:50:49,518 - __main__ - INFO -    Ray 儀表板：啟用
2026-04-27 14:50:49,518 - __main__ - INFO - 
======================================================================
2026-04-27 14:50:49,518 - __main__ - INFO - 
⏱️  總執行時間：12.56 秒
2026-04-27 14:50:49,518 - __main__ - INFO - 
======================================================================
2026-04-27 14:50:49,518 - __main__ - INFO - ✨ 宇宙智能體核心引擎啟動完成！
2026-04-27 14:50:49,518 - __main__ - INFO - ✨ Cosmic Intelligence Cluster Ready!
2026-04-27 14:50:49,519 - __main__ - INFO - ======================================================================
2026-04-27 14:50:49,519 - __main__ - INFO - 
📡 Ray 集群信息
2026-04-27 14:50:49,519 - __main__ - INFO -    状態：運行中
2026-04-27 14:50:49,520 - __main__ - INFO -    CPU：4.0
2026-04-27 14:50:49,520 - __main__ - INFO -    GPU：0.0
2026-04-27 14:50:49,521 - __main__ - INFO - 
💡 下一步提示：
2026-04-27 14:50:49,521 - __main__ - INFO -    1. 查看日誌文件：tail -f cosmic_engine.log
2026-04-27 14:50:49,521 - __main__ - INFO -    2. 啟動 Ray 儀表板：ray dashboard
2026-04-27 14:50:49,521 - __main__ - INFO -    3. 運行主程序：python main.py
